<?xml version="1.0" encoding="UTF-8"?>
<!-- Generated by org.testng.reporters.JUnitReportReporter -->
<testsuite hostname="LAPTOP-8HHI6N5M" failures="0" tests="1" name="APITesting.UserCasesTesting" time="3.196" errors="0" timestamp="2022-07-19T18:24:17 IST" skipped="0">
  <testcase classname="APITesting.UserCasesTesting" name="UserCase3" time="3.196"/>
  <system-out/>
</testsuite> <!-- APITesting.UserCasesTesting -->
