<?xml version="1.0" encoding="UTF-8"?>
<!-- Generated by org.testng.reporters.JUnitReportReporter -->
<testsuite hostname="LAPTOP-8HHI6N5M" failures="0" tests="1" name="APITesting.AddService_UC1" time="1.587" errors="0" timestamp="2022-07-19T14:02:57 IST" skipped="0">
  <testcase classname="APITesting.AddService_UC1" name="addService" time="1.587"/>
  <system-out/>
</testsuite> <!-- APITesting.AddService_UC1 -->
